androidApp/build/intermediates/manifest_merge_blame_file/debug/manifest-merger-blame-debug-report.txt
1<?xml version="1.0" encoding="utf-8"?>
2<manifest xmlns:android="http://schemas.android.com/apk/res/android"
3    package="com.bugfender.bugfenderkmm.androidApp"
4    android:versionCode="1"
5    android:versionName="1.0" >
6
7    <uses-sdk
8        android:minSdkVersion="24"
8-->src/main/AndroidManifest.xml
9        android:targetSdkVersion="29" />
9-->src/main/AndroidManifest.xml
10
11    <uses-permission android:name="android.permission.INTERNET" />
11-->[com.bugfender.sdk:android:3.0.6] AndroidManifest.xml:11:5-67
11-->[com.bugfender.sdk:android:3.0.6] AndroidManifest.xml:11:22-64
12    <uses-permission android:name="android.permission.ACCESS_NETWORK_STATE" />
12-->[com.bugfender.sdk:android:3.0.6] AndroidManifest.xml:12:5-79
12-->[com.bugfender.sdk:android:3.0.6] AndroidManifest.xml:12:22-76
13
14    <application
14-->src/main/AndroidManifest.xml:5:5-17:19
15        android:name="com.bugfender.bugfenderkmm.androidApp.App"
15-->src/main/AndroidManifest.xml:6:9-28
16        android:allowBackup="false"
16-->src/main/AndroidManifest.xml:7:9-36
17        android:appComponentFactory="androidx.core.app.CoreComponentFactory"
17-->[androidx.core:core:1.3.0] AndroidManifest.xml:24:18-86
18        android:debuggable="true"
19        android:extractNativeLibs="false"
20        android:supportsRtl="true"
20-->src/main/AndroidManifest.xml:8:9-35
21        android:testOnly="true"
22        android:theme="@style/AppTheme" >
22-->src/main/AndroidManifest.xml:9:9-40
23        <activity android:name="com.bugfender.bugfenderkmm.androidApp.MainActivity" >
23-->src/main/AndroidManifest.xml:10:9-16:20
23-->src/main/AndroidManifest.xml:10:19-47
24            <intent-filter>
24-->src/main/AndroidManifest.xml:11:13-15:29
25                <action android:name="android.intent.action.MAIN" />
25-->src/main/AndroidManifest.xml:12:17-69
25-->src/main/AndroidManifest.xml:12:25-66
26
27                <category android:name="android.intent.category.LAUNCHER" />
27-->src/main/AndroidManifest.xml:14:17-77
27-->src/main/AndroidManifest.xml:14:27-74
28            </intent-filter>
29        </activity>
30        <activity
30-->[com.bugfender.sdk:android:3.0.6] AndroidManifest.xml:15:9-17:58
31            android:name="com.bugfender.sdk.ui.FeedbackActivity"
31-->[com.bugfender.sdk:android:3.0.6] AndroidManifest.xml:16:13-65
32            android:windowSoftInputMode="adjustResize" />
32-->[com.bugfender.sdk:android:3.0.6] AndroidManifest.xml:17:13-55
33    </application>
34
35</manifest>